c:\users\lenovo\desktop\osisp1\debug\vc141.pdb
c:\users\lenovo\desktop\osisp1\debug\vc141.idb
c:\users\lenovo\desktop\osisp1\debug\main.obj
c:\users\lenovo\desktop\osisp1 — копия\debug\vc141.pdb
c:\users\lenovo\desktop\osisp1 — копия\debug\vc141.idb
c:\users\lenovo\desktop\osisp1 — копия\debug\main.obj
c:\users\lenovo\desktop\osisp1 — копия\debug\map.obj
c:\users\lenovo\desktop\osisp1 — копия\debug\drawer.obj
d:\github\osisp_game\osisp_game\debug\vc141.pdb
d:\github\osisp_game\osisp_game\debug\vc141.idb
d:\github\osisp_game\osisp_game\debug\map.obj
d:\github\osisp_game\osisp_game\debug\drawer.obj
d:\github\osisp_game\osisp_game\debug\main.obj
d:\github\osisp_game\osisp_game\debug\player.obj
d:\github\osisp_game\osisp_game\debug\environment.obj
d:\github\osisp_game\osisp_game\debug\simpleground.obj
c:\users\lenovo\desktop\osisp1\debug\osisp2.exe
c:\users\lenovo\desktop\osisp1\debug\osisp2.ilk
c:\users\lenovo\desktop\osisp1\debug\osisp2.pdb
c:\users\lenovo\desktop\osisp1 — копия\debug\osisp2.exe
c:\users\lenovo\desktop\osisp1 — копия\debug\osisp2.ilk
c:\users\lenovo\desktop\osisp1 — копия\debug\osisp2.pdb
d:\github\osisp_game\osisp_game\debug\osisp2.exe
d:\github\osisp_game\osisp_game\debug\osisp2.ilk
d:\github\osisp_game\osisp_game\debug\osisp2.pdb
d:\github\osisp_game\osisp_game\debug\program.obj
d:\github\osisp_game\osisp_game\debug\main.obj.enc
d:\github\osisp_game\osisp_game\debug\map.obj.enc
d:\github\osisp_game\osisp_game\debug\osisp1.ilk
d:\github\osisp_game\osisp_game\debug\osisp1.pdb
d:\github\osisp_game\osisp_game\debug\osisp2.tlog\cl.command.1.tlog
d:\github\osisp_game\osisp_game\debug\osisp2.tlog\cl.read.1.tlog
d:\github\osisp_game\osisp_game\debug\osisp2.tlog\cl.write.1.tlog
d:\github\osisp_game\osisp_game\debug\osisp2.tlog\link.command.1.tlog
d:\github\osisp_game\osisp_game\debug\osisp2.tlog\link.read.1.tlog
d:\github\osisp_game\osisp_game\debug\osisp2.tlog\link.write.1.tlog
